# JRE version: OpenJDK Runtime Environment (8.0_312-b07) (build 1.8.0_312-8u312-b07-0ubuntu1~18.04-b07)
# Java VM: OpenJDK 64-Bit Server VM (25.312-b07 mixed mode linux-amd64 compressed oops)
Heap:
 PSYoungGen      total 1079296K, used 0K [0x000000076ab00000, 0x00000007c0000000, 0x00000007c0000000)
  eden space 777216K, 0% used [0x000000076ab00000,0x000000076ab00000,0x000000079a200000)
  from space 302080K, 0% used [0x00000007ad900000,0x00000007ad900000,0x00000007c0000000)
  to   space 310272K, 0% used [0x000000079a200000,0x000000079a200000,0x00000007ad100000)
 ParOldGen       total 2340352K, used 2269302K [0x00000006c0000000, 0x000000074ed80000, 0x000000076ab00000)
  object space 2340352K, 96% used [0x00000006c0000000,0x000000074a81db98,0x000000074ed80000)
 Metaspace       used 145295K, capacity 160390K, committed 160512K, reserved 1189888K
  class space    used 18780K, capacity 19878K, committed 19968K, reserved 1048576K
GC Heap History (10 events):
Event: 1873.403 GC heap after
Heap after GC invocations=107 (full 17):
 PSYoungGen      total 1102848K, used 22023K [0x000000076ab00000, 0x00000007c0000000, 0x00000007c0000000)
  eden space 810496K, 0% used [0x000000076ab00000,0x000000076ab00000,0x000000079c280000)
  from space 292352K, 7% used [0x00000007ad780000,0x00000007aed01cb0,0x00000007bf500000)
  to   space 283648K, 0% used [0x000000079c280000,0x000000079c280000,0x00000007ad780000)
 ParOldGen       total 2340352K, used 1920246K [0x00000006c0000000, 0x000000074ed80000, 0x000000076ab00000)
  object space 2340352K, 82% used [0x00000006c0000000,0x000000073533d870,0x000000074ed80000)
 Metaspace       used 145109K, capacity 160114K, committed 160256K, reserved 1189888K
  class space    used 18753K, capacity 19851K, committed 19968K, reserved 1048576K
}
Event: 1873.896 GC heap before
{Heap before GC invocations=108 (full 17):
 PSYoungGen      total 1102848K, used 832519K [0x000000076ab00000, 0x00000007c0000000, 0x00000007c0000000)
  eden space 810496K, 100% used [0x000000076ab00000,0x000000079c280000,0x000000079c280000)
  from space 292352K, 7% used [0x00000007ad780000,0x00000007aed01cb0,0x00000007bf500000)
  to   space 283648K, 0% used [0x000000079c280000,0x000000079c280000,0x00000007ad780000)
 ParOldGen       total 2340352K, used 1920246K [0x00000006c0000000, 0x000000074ed80000, 0x000000076ab00000)
  object space 2340352K, 82% used [0x00000006c0000000,0x000000073533d870,0x000000074ed80000)
 Metaspace       used 145153K, capacity 160114K, committed 160256K, reserved 1189888K
  class space    used 18753K, capacity 19851K, committed 19968K, reserved 1048576K
Event: 1873.934 GC heap after
Heap after GC invocations=108 (full 17):
 PSYoungGen      total 1094144K, used 18696K [0x000000076ab00000, 0x00000007be680000, 0x00000007c0000000)
  eden space 810496K, 0% used [0x000000076ab00000,0x000000076ab00000,0x000000079c280000)
  from space 283648K, 6% used [0x000000079c280000,0x000000079d4c2278,0x00000007ad780000)
  to   space 274944K, 0% used [0x00000007ada00000,0x00000007ada00000,0x00000007be680000)
 ParOldGen       total 2340352K, used 1933720K [0x00000006c0000000, 0x000000074ed80000, 0x000000076ab00000)
  object space 2340352K, 82% used [0x00000006c0000000,0x0000000736066150,0x000000074ed80000)
 Metaspace       used 145153K, capacity 160114K, committed 160256K, reserved 1189888K
  class space    used 18753K, capacity 19851K, committed 19968K, reserved 1048576K
}
Event: 1874.345 GC heap before
{Heap before GC invocations=109 (full 17):
 PSYoungGen      total 1094144K, used 829192K [0x000000076ab00000, 0x00000007be680000, 0x00000007c0000000)
  eden space 810496K, 100% used [0x000000076ab00000,0x000000079c280000,0x000000079c280000)
  from space 283648K, 6% used [0x000000079c280000,0x000000079d4c2278,0x00000007ad780000)
  to   space 274944K, 0% used [0x00000007ada00000,0x00000007ada00000,0x00000007be680000)
 ParOldGen       total 2340352K, used 1933720K [0x00000006c0000000, 0x000000074ed80000, 0x000000076ab00000)
  object space 2340352K, 82% used [0x00000006c0000000,0x0000000736066150,0x000000074ed80000)
 Metaspace       used 145153K, capacity 160114K, committed 160256K, reserved 1189888K
  class space    used 18753K, capacity 19851K, committed 19968K, reserved 1048576K
Event: 1874.362 GC heap after
Heap after GC invocations=109 (full 17):
 PSYoungGen      total 1104384K, used 18154K [0x000000076ab00000, 0x00000007be480000, 0x00000007c0000000)
  eden space 831488K, 0% used [0x000000076ab00000,0x000000076ab00000,0x000000079d700000)
  from space 272896K, 6% used [0x00000007ada00000,0x00000007aebbaab8,0x00000007be480000)
  to   space 265216K, 0% used [0x000000079d700000,0x000000079d700000,0x00000007ada00000)
 ParOldGen       total 2340352K, used 1947403K [0x00000006c0000000, 0x000000074ed80000, 0x000000076ab00000)
  object space 2340352K, 83% used [0x00000006c0000000,0x0000000736dc2c20,0x000000074ed80000)
 Metaspace       used 145153K, capacity 160114K, committed 160256K, reserved 1189888K
  class space    used 18753K, capacity 19851K, committed 19968K, reserved 1048576K
}
Event: 1875.262 GC heap before
{Heap before GC invocations=110 (full 17):
 PSYoungGen      total 1104384K, used 849642K [0x000000076ab00000, 0x00000007be480000, 0x00000007c0000000)
  eden space 831488K, 100% used [0x000000076ab00000,0x000000079d700000,0x000000079d700000)
  from space 272896K, 6% used [0x00000007ada00000,0x00000007aebbaab8,0x00000007be480000)
  to   space 265216K, 0% used [0x000000079d700000,0x000000079d700000,0x00000007ada00000)
 ParOldGen       total 2340352K, used 1947403K [0x00000006c0000000, 0x000000074ed80000, 0x000000076ab00000)
  object space 2340352K, 83% used [0x00000006c0000000,0x0000000736dc2c20,0x000000074ed80000)
 Metaspace       used 145232K, capacity 160298K, committed 160512K, reserved 1189888K
  class space    used 18765K, capacity 19861K, committed 19968K, reserved 1048576K
Event: 1877.655 GC heap after
Heap after GC invocations=110 (full 17):
 PSYoungGen      total 1054208K, used 222406K [0x000000076ab00000, 0x00000007c0000000, 0x00000007c0000000)
  eden space 831488K, 0% used [0x000000076ab00000,0x000000076ab00000,0x000000079d700000)
  from space 222720K, 99% used [0x000000079d700000,0x00000007ab031ab8,0x00000007ab080000)
  to   space 302080K, 0% used [0x00000007ad900000,0x00000007ad900000,0x00000007c0000000)
 ParOldGen       total 2340352K, used 1962583K [0x00000006c0000000, 0x000000074ed80000, 0x000000076ab00000)
  object space 2340352K, 83% used [0x00000006c0000000,0x0000000737c95f50,0x000000074ed80000)
 Metaspace       used 145232K, capacity 160298K, committed 160512K, reserved 1189888K
  class space    used 18765K, capacity 19861K, committed 19968K, reserved 1048576K
}
Event: 1879.057 GC heap before
{Heap before GC invocations=111 (full 17):
 PSYoungGen      total 1054208K, used 1052097K [0x000000076ab00000, 0x00000007c0000000, 0x00000007c0000000)
  eden space 831488K, 99% used [0x000000076ab00000,0x000000079d53eb50,0x000000079d700000)
  from space 222720K, 99% used [0x000000079d700000,0x00000007ab031ab8,0x00000007ab080000)
  to   space 302080K, 0% used [0x00000007ad900000,0x00000007ad900000,0x00000007c0000000)
 ParOldGen       total 2340352K, used 1962583K [0x00000006c0000000, 0x000000074ed80000, 0x000000076ab00000)
  object space 2340352K, 83% used [0x00000006c0000000,0x0000000737c95f50,0x000000074ed80000)
 Metaspace       used 145295K, capacity 160390K, committed 160512K, reserved 1189888K
  class space    used 18780K, capacity 19878K, committed 19968K, reserved 1048576K
Event: 1879.438 GC heap after
Heap after GC invocations=111 (full 17):
 PSYoungGen      total 1079296K, used 167123K [0x000000076ab00000, 0x00000007c0000000, 0x00000007c0000000)
  eden space 777216K, 0% used [0x000000076ab00000,0x000000076ab00000,0x000000079a200000)
  from space 302080K, 55% used [0x00000007ad900000,0x00000007b7c34ea8,0x00000007c0000000)
  to   space 310272K, 0% used [0x000000079a200000,0x000000079a200000,0x00000007ad100000)
 ParOldGen       total 2340352K, used 2162071K [0x00000006c0000000, 0x000000074ed80000, 0x000000076ab00000)
  object space 2340352K, 92% used [0x00000006c0000000,0x0000000743f65c88,0x000000074ed80000)
 Metaspace       used 145295K, capacity 160390K, committed 160512K, reserved 1189888K
  class space    used 18780K, capacity 19878K, committed 19968K, reserved 1048576K
}
Event: 1879.438 GC heap before
{Heap before GC invocations=112 (full 18):
 PSYoungGen      total 1079296K, used 167123K [0x000000076ab00000, 0x00000007c0000000, 0x00000007c0000000)
  eden space 777216K, 0% used [0x000000076ab00000,0x000000076ab00000,0x000000079a200000)
  from space 302080K, 55% used [0x00000007ad900000,0x00000007b7c34ea8,0x00000007c0000000)
  to   space 310272K, 0% used [0x000000079a200000,0x000000079a200000,0x00000007ad100000)
 ParOldGen       total 2340352K, used 2162071K [0x00000006c0000000, 0x000000074ed80000, 0x000000076ab00000)
  object space 2340352K, 92% used [0x00000006c0000000,0x0000000743f65c88,0x000000074ed80000)
 Metaspace       used 145295K, capacity 160390K, committed 160512K, reserved 1189888K
  class space    used 18780K, capacity 19878K, committed 19968K, reserved 1048576K

